[debug] [2020-04-18T19:31:08.762Z] ----------------------------------------------------------------------
[debug] [2020-04-18T19:31:08.764Z] Command:       C:\Program Files\nodejs\node.exe C:\Users\gkleine\AppData\Roaming\npm\node_modules\firebase-tools\lib\bin\firebase.js serve
[debug] [2020-04-18T19:31:08.764Z] CLI Version:   7.11.0
[debug] [2020-04-18T19:31:08.764Z] Platform:      win32
[debug] [2020-04-18T19:31:08.764Z] Node Version:  v10.15.3
[debug] [2020-04-18T19:31:08.800Z] Time:          Sat Apr 18 2020 21:31:08 GMT+0200 (GMT+02:00)
[debug] [2020-04-18T19:31:08.800Z] ----------------------------------------------------------------------
[debug] [2020-04-18T19:31:08.800Z] 
[debug] [2020-04-18T19:31:08.824Z] > command requires scopes: ["email","openid","https://www.googleapis.com/auth/cloudplatformprojects.readonly","https://www.googleapis.com/auth/firebase","https://www.googleapis.com/auth/cloud-platform"]
[debug] [2020-04-18T19:31:08.825Z] > authorizing via signed-in user
[debug] [2020-04-18T19:31:08.826Z] [iam] checking project plezier-weekend for permissions ["firebase.projects.get"]
[debug] [2020-04-18T19:31:08.828Z] >>> HTTP REQUEST POST https://cloudresourcemanager.googleapis.com/v1/projects/plezier-weekend:testIamPermissions  

[debug] [2020-04-18T19:31:09.628Z] <<< HTTP RESPONSE 200
[debug] [2020-04-18T19:31:09.629Z] >>> HTTP REQUEST GET https://firebase.googleapis.com/v1beta1/projects/plezier-weekend  
 
[debug] [2020-04-18T19:31:09.901Z] <<< HTTP RESPONSE 200
[info] 
[info] === Serving from 'C:\Users\gkleine\Documents\Projects\weekend-weg'...
[info] 
[debug] [2020-04-18T19:31:09.905Z] >>> HTTP REQUEST GET https://firebase.googleapis.com/v1beta1/projects/plezier-weekend/webApps/-/config  
 
[debug] [2020-04-18T19:31:10.497Z] <<< HTTP RESPONSE 200
[info] i  hosting: Serving hosting files from: dist
[info] +  hosting: Local server: http://localhost:5000
